2025-08-10 12:33:09,548 INFO Pipeline start
2025-08-10 12:33:13,834 INFO API returned 400 for https://jobsearch.api.jobtechdev.se/search?offset=0&limit=200&q=&include=occupation&include=workplace_address
2025-08-10 12:33:13,846 INFO API returned 400 for https://jobsearch.api.jobtechdev.se/search?offset=0&limit=200&q=&include=workplace_address
2025-08-10 12:33:13,857 INFO API returned 400 for https://jobsearch.api.jobtechdev.se/search?offset=0&limit=200&q=&include=occupation
2025-08-10 12:33:13,868 INFO API returned 400 for https://jobsearch.api.jobtechdev.se/search?offset=0&limit=200&q=
2025-08-10 12:33:13,868 INFO No hits on this page; stopping.
2025-08-10 12:33:13,869 INFO Total raw hits: 0
2025-08-10 12:33:13,870 INFO Loaded rows: 0
2025-08-10 14:38:00,603 INFO Pipeline start
2025-08-10 14:38:48,410 INFO Done. Aggregated rows=372, loaded=372
2025-08-10 14:50:09,021 INFO ===== Pipeline start =====
2025-08-10 14:50:09,021 INFO Params: limit=50, pages=10, db='af_ads.db'
2025-08-10 14:50:56,592 INFO Aggregated rows: 372
2025-08-10 14:50:56,662 INFO Loaded rows: 372
2025-08-10 14:50:56,663 INFO ===== Pipeline success =====
2025-08-10 16:40:37,994 INFO ===== Pipeline start =====
2025-08-10 16:40:37,995 INFO Params: limit=50, pages=10, db='af_ads.db'
2025-08-10 16:41:25,797 INFO Aggregated rows: 374
2025-08-10 16:41:25,866 INFO Loaded rows: 374
2025-08-10 16:41:25,867 INFO ===== Pipeline success =====
2025-08-10 17:03:21,368 INFO ===== Pipeline start =====
2025-08-10 17:03:21,369 INFO Params: limit=50, pages=10, db='af_ads.db'
2025-08-10 17:04:09,532 INFO Aggregated rows: 374
2025-08-10 17:04:09,632 INFO Loaded rows: 374
2025-08-10 17:04:09,632 INFO ===== Pipeline success =====
2025-08-10 20:36:27,709 INFO ===== Pipeline start =====
2025-08-10 20:36:27,709 INFO Params: limit=50, pages=10, db='af_ads.db'
2025-08-10 20:37:15,330 INFO Aggregated rows: 381
2025-08-10 20:37:15,399 INFO Loaded rows: 381
2025-08-10 20:37:15,399 INFO ===== Pipeline success =====
2025-08-11 18:45:44,199 INFO ===== Pipeline start =====
2025-08-11 18:45:44,200 INFO Params: limit=50, pages=10, db='af_ads.db'
2025-08-11 18:46:32,452 INFO Aggregated rows: 331
2025-08-11 18:46:32,516 INFO Loaded rows: 331
2025-08-11 18:46:32,517 INFO ===== Pipeline success =====
2025-08-12 09:06:23,162 INFO ===== Pipeline start =====
2025-08-12 09:06:23,164 INFO Params: limit=50, pages=10, db='af_ads.db'
2025-08-12 09:07:11,857 INFO Aggregated rows: 382
2025-08-12 09:07:11,935 INFO Loaded rows: 382
2025-08-12 09:07:11,935 INFO ===== Pipeline success =====
2025-08-12 10:03:40,052 INFO ===== Pipeline start =====
2025-08-12 10:03:40,052 INFO Params: limit=50, pages=10, db='af_ads.db'
2025-08-12 10:04:28,136 INFO Aggregated rows: 341
2025-08-12 10:04:28,170 INFO Loaded rows: 341
2025-08-12 10:04:28,170 INFO ===== Pipeline success =====
